2013-02-04 14:37:20,999 - Description: ByteArrayInterpreter InterpreteProcess function exception Exception Occured：值不能为 null。
参数名: Array cannot be null
Exception Source：Octopus
   在 Octopus.Common.Guard.NotNull(Object o, String message) 位置 e:\Projects\智慧城市支撑平台\01子系统\01Octopus\01工程\02开发\03实现\04源代码\Octopus\Common\Guard.cs:行号 15
   在 Octopus.Common.CommonExtension.IndexOf(Byte[] array, Byte[] pattern) 位置 e:\Projects\智慧城市支撑平台\01子系统\01Octopus\01工程\02开发\03实现\04源代码\Octopus\Common\CommonExtension.cs:行号 14
   在 Octopus.Interpreter.ByteArrayInterpreter.GetBytesForFormat(Byte[] byteArray, Int32 tailerIndex) 位置 e:\Projects\智慧城市支撑平台\01子系统\01Octopus\01工程\02开发\03实现\04源代码\Octopus\Interpreter\ByteArrayInterpreter.cs:行号 163
   在 Octopus.Interpreter.ByteArrayInterpreter.InterpreteProcess(ChannelData`1 input) 位置 e:\Projects\智慧城市支撑平台\01子系统\01Octopus\01工程\02开发\03实现\04源代码\Octopus\Interpreter\ByteArrayInterpreter.cs:行号 83
2013-02-04 14:43:33,345 - Description: ByteArrayInterpreter InterpreteProcess function exception Exception Occured：Cannot found any formatter in MultipleFormatterByteArrayInterpreter.
Exception Source：Octopus
   在 Octopus.Interpreter.MultipleFormatterByteArrayInterpreter.GetMatchedFormatter(Byte[] input) 位置 e:\Projects\智慧城市支撑平台\01子系统\01Octopus\01工程\02开发\03实现\04源代码\Octopus\Interpreter\MultipleFormatterByteArrayInterpreter.cs:行号 38
   在 Octopus.Interpreter.ByteArrayInterpreter.InterpreteProcess(ChannelData`1 input) 位置 e:\Projects\智慧城市支撑平台\01子系统\01Octopus\01工程\02开发\03实现\04源代码\Octopus\Interpreter\ByteArrayInterpreter.cs:行号 85
2013-02-04 14:43:41,852 - Description: ByteArrayInterpreter InterpreteProcess function exception Exception Occured：Cannot found any formatter in MultipleFormatterByteArrayInterpreter.
Exception Source：Octopus
   在 Octopus.Interpreter.MultipleFormatterByteArrayInterpreter.GetMatchedFormatter(Byte[] input) 位置 e:\Projects\智慧城市支撑平台\01子系统\01Octopus\01工程\02开发\03实现\04源代码\Octopus\Interpreter\MultipleFormatterByteArrayInterpreter.cs:行号 38
   在 Octopus.Interpreter.ByteArrayInterpreter.InterpreteProcess(ChannelData`1 input) 位置 e:\Projects\智慧城市支撑平台\01子系统\01Octopus\01工程\02开发\03实现\04源代码\Octopus\Interpreter\ByteArrayInterpreter.cs:行号 85
2013-02-04 14:44:36,153 - Description: ByteArrayInterpreter InterpreteProcess function exception Exception Occured：Cannot found any formatter in MultipleFormatterByteArrayInterpreter.
Exception Source：Octopus
   在 Octopus.Interpreter.MultipleFormatterByteArrayInterpreter.GetMatchedFormatter(Byte[] input) 位置 e:\Projects\智慧城市支撑平台\01子系统\01Octopus\01工程\02开发\03实现\04源代码\Octopus\Interpreter\MultipleFormatterByteArrayInterpreter.cs:行号 38
   在 Octopus.Interpreter.ByteArrayInterpreter.InterpreteProcess(ChannelData`1 input) 位置 e:\Projects\智慧城市支撑平台\01子系统\01Octopus\01工程\02开发\03实现\04源代码\Octopus\Interpreter\ByteArrayInterpreter.cs:行号 85
2013-02-04 14:44:43,279 - Description: ByteArrayInterpreter InterpreteProcess function exception Exception Occured：Cannot found any formatter in MultipleFormatterByteArrayInterpreter.
Exception Source：Octopus
   在 Octopus.Interpreter.MultipleFormatterByteArrayInterpreter.GetMatchedFormatter(Byte[] input) 位置 e:\Projects\智慧城市支撑平台\01子系统\01Octopus\01工程\02开发\03实现\04源代码\Octopus\Interpreter\MultipleFormatterByteArrayInterpreter.cs:行号 38
   在 Octopus.Interpreter.ByteArrayInterpreter.InterpreteProcess(ChannelData`1 input) 位置 e:\Projects\智慧城市支撑平台\01子系统\01Octopus\01工程\02开发\03实现\04源代码\Octopus\Interpreter\ByteArrayInterpreter.cs:行号 85
