2013-02-01 15:43:16,479 - Description: FlatByteArrayFormatter Format function exception Exception Occured：未将对象引用设置到对象的实例。
Exception Source：Octopus
   在 Octopus.DataItem.AddDataItem(DataItem item) 位置 e:\Projects\智慧城市支撑平台\01子系统\01Octopus\01工程\02开发\03实现\04源代码\Octopus\DataItem.cs:行号 39
   在 Octopus.Interpreter.Items.ByteArrayCompositeValueItem.GetValue(Byte[] input, Int32 index) 位置 e:\Projects\智慧城市支撑平台\01子系统\01Octopus\01工程\02开发\03实现\04源代码\Octopus\Interpreter\Items\ByteArray\ByteArrayCompositeValueItem.cs:行号 23
   在 Octopus.Interpreter.Formatters.ByteArrayFormatter.FormatProcess(Byte[] input) 位置 e:\Projects\智慧城市支撑平台\01子系统\01Octopus\01工程\02开发\03实现\04源代码\Octopus\Interpreter\Formatters\ByteArrayFormatter.cs:行号 59
2013-02-01 15:44:51,309 - Description: FlatByteArrayFormatter Format function exception Exception Occured：未将对象引用设置到对象的实例。
Exception Source：Octopus
   在 Octopus.DataItem.AddDataItem(DataItem item) 位置 e:\Projects\智慧城市支撑平台\01子系统\01Octopus\01工程\02开发\03实现\04源代码\Octopus\DataItem.cs:行号 39
   在 Octopus.Interpreter.Items.ByteArrayCompositeValueItem.GetValue(Byte[] input, Int32 index) 位置 e:\Projects\智慧城市支撑平台\01子系统\01Octopus\01工程\02开发\03实现\04源代码\Octopus\Interpreter\Items\ByteArray\ByteArrayCompositeValueItem.cs:行号 23
   在 Octopus.Interpreter.Formatters.ByteArrayFormatter.FormatProcess(Byte[] input) 位置 e:\Projects\智慧城市支撑平台\01子系统\01Octopus\01工程\02开发\03实现\04源代码\Octopus\Interpreter\Formatters\ByteArrayFormatter.cs:行号 59
2013-02-01 15:45:22,293 - Description: FlatByteArrayFormatter Format function exception Exception Occured：未将对象引用设置到对象的实例。
Exception Source：Octopus
   在 Octopus.DataItem.AddDataItem(DataItem item) 位置 e:\Projects\智慧城市支撑平台\01子系统\01Octopus\01工程\02开发\03实现\04源代码\Octopus\DataItem.cs:行号 39
   在 Octopus.Interpreter.Items.ByteArrayCompositeValueItem.GetValue(Byte[] input, Int32 index) 位置 e:\Projects\智慧城市支撑平台\01子系统\01Octopus\01工程\02开发\03实现\04源代码\Octopus\Interpreter\Items\ByteArray\ByteArrayCompositeValueItem.cs:行号 23
   在 Octopus.Interpreter.Formatters.ByteArrayFormatter.FormatProcess(Byte[] input) 位置 e:\Projects\智慧城市支撑平台\01子系统\01Octopus\01工程\02开发\03实现\04源代码\Octopus\Interpreter\Formatters\ByteArrayFormatter.cs:行号 59
2013-02-01 15:46:07,703 - Description: FlatByteArrayFormatter Format function exception Exception Occured：未将对象引用设置到对象的实例。
Exception Source：Octopus
   在 Octopus.DataItem.AddDataItem(DataItem item) 位置 e:\Projects\智慧城市支撑平台\01子系统\01Octopus\01工程\02开发\03实现\04源代码\Octopus\DataItem.cs:行号 39
   在 Octopus.Interpreter.Items.ByteArrayCompositeValueItem.GetValue(Byte[] input, Int32 index) 位置 e:\Projects\智慧城市支撑平台\01子系统\01Octopus\01工程\02开发\03实现\04源代码\Octopus\Interpreter\Items\ByteArray\ByteArrayCompositeValueItem.cs:行号 23
   在 Octopus.Interpreter.Formatters.ByteArrayFormatter.FormatProcess(Byte[] input) 位置 e:\Projects\智慧城市支撑平台\01子系统\01Octopus\01工程\02开发\03实现\04源代码\Octopus\Interpreter\Formatters\ByteArrayFormatter.cs:行号 59
